
2023-03-27 20:26:06,853 - INFO - RIP：每创建一次数据包后单纯发送的次数:300,丢包率:0.047706
数据包发送速率:800,数据包的大小:10
2023-03-27 20:27:38,173 - INFO - OSPF：每创建一次数据包后单纯发送的次数:300,丢包率:0.002561
数据包发送速率:800,数据包的大小:10
2023-03-27 20:27:57,466 - INFO - RIP：每创建一次数据包后单纯发送的次数:300,丢包率:0.025001
数据包发送速率:700,数据包的大小:10
2023-03-27 20:30:16,799 - INFO - OSPF：每创建一次数据包后单纯发送的次数:300,丢包率:0.000275
数据包发送速率:700,数据包的大小:10
2023-03-27 20:30:30,216 - INFO - RIP：每创建一次数据包后单纯发送的次数:300,丢包率:0.007202
数据包发送速率:600,数据包的大小:10
2023-03-27 20:32:53,630 - INFO - OSPF：每创建一次数据包后单纯发送的次数:300,丢包率:2.2e-05
数据包发送速率:600,数据包的大小:10
2023-03-27 20:33:04,220 - INFO - RIP：每创建一次数据包后单纯发送的次数:300,丢包率:0.000646
数据包发送速率:500,数据包的大小:10
2023-03-27 20:34:54,462 - INFO - RIP：每创建一次数据包后单纯发送的次数:300,丢包率:0.0
数据包发送速率:400,数据包的大小:10
2023-03-27 22:19:57,869 - INFO - OSPF：每创建一次数据包后单纯发送的次数:300,丢包率:0.0
数据包发送速率:400,数据包的大小:10
2023-03-27 22:24:38,081 - INFO - OSPF：每创建一次数据包后单纯发送的次数:300,丢包率:0.0
数据包发送速率:400,数据包的大小:10
2023-03-27 22:26:47,094 - INFO - RIP：每创建一次数据包后单纯发送的次数:300,丢包率:0.0
数据包发送速率:400,数据包的大小:10
2023-03-27 22:35:23,386 - INFO - RIP：每创建一次数据包后单纯发送的次数:300,丢包率:0.0
数据包发送速率:400,数据包的大小:10
2023-03-27 22:39:43,928 - INFO - RIP：每创建一次数据包后单纯发送的次数:30,丢包率:0.3735
数据包发送速率:400,数据包的大小:10
2023-03-27 22:49:49,801 - INFO - RIP：每创建一次数据包后单纯发送的次数:30,丢包率:0.376375
数据包发送速率:400,数据包的大小:10
2023-03-27 22:53:13,241 - INFO - RIP：每创建一次数据包后单纯发送的次数:30,丢包率:0.0
数据包发送速率:100,数据包的大小:10
2023-03-27 22:53:28,111 - INFO - RIP：每创建一次数据包后单纯发送的次数:10,丢包率:0.2202
数据包发送速率:100,数据包的大小:10
2023-03-27 22:55:09,004 - INFO - RIP：每创建一次数据包后单纯发送的次数:5,丢包率:0.1252
数据包发送速率:50,数据包的大小:10
2023-03-27 23:11:16,618 - INFO - RIP：每创建一次数据包后单纯发送的次数:10,丢包率:0.2202
数据包发送速率:100,数据包的大小:10
2023-03-27 23:12:34,791 - INFO - RIP：每创建一次数据包后单纯发送的次数:200,丢包率:0.0
数据包发送速率:500,数据包的大小:10
2023-03-27 23:13:10,339 - INFO - RIP：每创建一次数据包后单纯发送的次数:100,丢包率:0.050118
数据包发送速率:500,数据包的大小:10
2023-03-27 23:14:07,620 - INFO - OSPF：每创建一次数据包后单纯发送的次数:100,丢包率:0.0
数据包发送速率:500,数据包的大小:10
2023-03-27 23:22:24,697 - INFO - RIP：每创建一次数据包后单纯发送的次数:100,丢包率:0.04884
数据包发送速率:500,数据包的大小:10
2023-03-27 23:22:35,562 - INFO - RIP：每创建一次数据包后单纯发送的次数:100,丢包率:0.0456
数据包发送速率:500,数据包的大小:10
2023-03-27 23:22:51,401 - INFO - RIP：每创建一次数据包后单纯发送的次数:50,丢包率:0.2406
数据包发送速率:500,数据包的大小:10
2023-03-27 23:23:44,065 - INFO - RIP：每创建一次数据包后单纯发送的次数:50,丢包率:0.1164
数据包发送速率:500,数据包的大小:10
2023-03-27 23:23:58,550 - INFO - RIP：每创建一次数据包后单纯发送的次数:30,丢包率:0.136157
数据包发送速率:500,数据包的大小:10
2023-03-27 23:24:09,347 - INFO - RIP：每创建一次数据包后单纯发送的次数:60,丢包率:0.116123
数据包发送速率:500,数据包的大小:10
2023-03-27 23:24:18,602 - INFO - RIP：每创建一次数据包后单纯发送的次数:70,丢包率:0.1011
数据包发送速率:500,数据包的大小:10
2023-03-27 23:24:24,805 - INFO - RIP：每创建一次数据包后单纯发送的次数:100,丢包率:0.044716
数据包发送速率:500,数据包的大小:10
2023-03-27 23:24:31,292 - INFO - RIP：每创建一次数据包后单纯发送的次数:200,丢包率:0.0
数据包发送速率:500,数据包的大小:10
2023-03-27 23:24:36,800 - INFO - RIP：每创建一次数据包后单纯发送的次数:150,丢包率:0.0
数据包发送速率:500,数据包的大小:10
2023-03-27 23:24:43,385 - INFO - RIP：每创建一次数据包后单纯发送的次数:130,丢包率:0.001
数据包发送速率:500,数据包的大小:10
2023-03-27 23:24:47,963 - INFO - RIP：每创建一次数据包后单纯发送的次数:120,丢包率:0.0216
数据包发送速率:500,数据包的大小:10
2023-03-27 23:24:53,483 - INFO - RIP：每创建一次数据包后单纯发送的次数:110,丢包率:0.0394
数据包发送速率:500,数据包的大小:10
2023-03-27 23:24:58,014 - INFO - RIP：每创建一次数据包后单纯发送的次数:100,丢包率:0.049559
数据包发送速率:500,数据包的大小:10
2023-03-27 23:25:03,544 - INFO - RIP：每创建一次数据包后单纯发送的次数:50,丢包率:0.128375
数据包发送速率:500,数据包的大小:10
2023-03-27 23:25:34,917 - INFO - RIP：每创建一次数据包后单纯发送的次数:10,丢包率:0.148182
数据包发送速率:500,数据包的大小:10
2023-03-27 23:25:45,640 - INFO - RIP：每创建一次数据包后单纯发送的次数:100,丢包率:0.046656
数据包发送速率:500,数据包的大小:10
2023-03-27 23:25:48,544 - INFO - RIP：每创建一次数据包后单纯发送的次数:10,丢包率:0.16781
数据包发送速率:500,数据包的大小:10
2023-03-27 23:28:20,709 - INFO - RIP：每创建一次数据包后单纯发送的次数:100,丢包率:0.032445
数据包发送速率:500,数据包的大小:10
2023-03-27 23:31:33,502 - INFO - OSPF：每创建一次数据包后单纯发送的次数:100,丢包率:0.0
数据包发送速率:500,数据包的大小:10
2023-03-27 23:31:36,124 - INFO - RIP：每创建一次数据包后单纯发送的次数:100,丢包率:0.045418
数据包发送速率:500,数据包的大小:10
2023-03-27 23:31:49,802 - INFO - OSPF：每创建一次数据包后单纯发送的次数:10,丢包率:0.100561
数据包发送速率:500,数据包的大小:10
2023-03-27 23:31:55,483 - INFO - OSPF：每创建一次数据包后单纯发送的次数:50,丢包率:0.020275
数据包发送速率:500,数据包的大小:10
2023-03-27 23:32:00,854 - INFO - RIP：每创建一次数据包后单纯发送的次数:50,丢包率:0.115002
数据包发送速率:500,数据包的大小:10
2023-03-27 23:37:11,974 - INFO - RIP：每创建一次数据包后单纯发送的次数:50,丢包率:0.11093
数据包发送速率:500,数据包的大小:10
2023-03-27 23:53:28,203 - INFO - RIP：每创建一次数据包后单纯发送的次数:50,丢包率:0.110929
数据包发送速率:500,数据包的大小:10
2023-03-27 23:55:01,431 - INFO - RIP：每创建一次数据包后单纯发送的次数:50,丢包率:0.138567
数据包发送速率:500,数据包的大小:10
2023-03-27 23:55:24,303 - INFO - RIP：每创建一次数据包后单纯发送的次数:50,丢包率:0.123854
数据包发送速率:500,数据包的大小:10
2023-03-27 23:57:00,421 - INFO - RIP：每创建一次数据包后单纯发送的次数:50,丢包率:0.113046
数据包发送速率:500,数据包的大小:10
2023-03-28 00:00:03,897 - INFO - RIP：每创建一次数据包后单纯发送的次数:50,丢包率:0.120285
数据包发送速率:500,数据包的大小:10
2023-03-28 00:01:00,640 - INFO - RIP：每创建一次数据包后单纯发送的次数:50,丢包率:0.136513
数据包发送速率:500,数据包的大小:10
2023-03-28 00:02:20,991 - INFO - RIP：每创建一次数据包后单纯发送的次数:50,丢包率:0.114286
数据包发送速率:500,数据包的大小:10
2023-03-28 00:03:07,561 - INFO - RIP：每创建一次数据包后单纯发送的次数:50,丢包率:0.120556
数据包发送速率:500,数据包的大小:10
2023-03-28 00:07:10,814 - INFO - RIP：每创建一次数据包后单纯发送的次数:50,丢包率:0.117831
数据包发送速率:500,数据包的大小:10
2023-03-28 12:36:31,448 - INFO - OSPF：每创建一次数据包后单纯发送的次数:50,丢包率:0.017897
数据包发送速率:500,数据包的大小:10
2023-03-28 12:36:50,435 - INFO - OSPF：每创建一次数据包后单纯发送的次数:50,丢包率:0.021133
数据包发送速率:500,数据包的大小:10
2023-03-28 12:38:32,367 - INFO - OSPF：每创建一次数据包后单纯发送的次数:50,丢包率:0.017797
数据包发送速率:500,数据包的大小:10
2023-03-28 12:39:59,527 - INFO - RIP：每创建一次数据包后单纯发送的次数:50,丢包率:0.116286
数据包发送速率:500,数据包的大小:10
2023-03-28 12:40:08,215 - INFO - OSPF：每创建一次数据包后单纯发送的次数:50,丢包率:0.018413
数据包发送速率:500,数据包的大小:10
2023-03-28 13:14:56,976 - INFO - RIP：每创建一次数据包后单纯发送的次数:100,丢包率:0.050002
数据包发送速率:500,数据包的大小:10
2023-03-28 13:51:04,335 - INFO - OSPF：每创建一次数据包后单纯发送的次数:50,丢包率:-1.07887
数据包发送速率:500,数据包的大小:10
2023-03-28 13:55:11,818 - INFO - OSPF：每创建一次数据包后单纯发送的次数:50,丢包率:0.020635
数据包发送速率:500,数据包的大小:10
2023-03-28 13:55:14,978 - INFO - RIP：每创建一次数据包后单纯发送的次数:100,丢包率:0.046394
数据包发送速率:500,数据包的大小:10
2023-03-28 13:55:23,335 - INFO - OSPF：每创建一次数据包后单纯发送的次数:50,丢包率:0.02048
数据包发送速率:500,数据包的大小:10
2023-03-28 13:55:40,795 - INFO - RIP：每创建一次数据包后单纯发送的次数:50,丢包率:0.115459
数据包发送速率:500,数据包的大小:10
2023-03-28 13:55:44,726 - INFO - OSPF：每创建一次数据包后单纯发送的次数:50,丢包率:0.022406
数据包发送速率:500,数据包的大小:10
2023-03-28 15:45:14,643 - INFO - OSPF：每创建一次数据包后单纯发送的次数:50,丢包率:0.020843
数据包发送速率:500,数据包的大小:10
2023-03-28 18:06:37,805 - INFO - OSPF：每创建一次数据包后单纯发送的次数:50,丢包率:0.019585
数据包发送速率:500,数据包的大小:10
2023-03-28 18:18:02,986 - INFO - RIP：每创建一次数据包后单纯发送的次数:50,丢包率:0.119481
数据包发送速率:500,数据包的大小:10
2023-03-28 18:18:13,446 - INFO - OSPF：每创建一次数据包后单纯发送的次数:50,丢包率:0.020783
数据包发送速率:500,数据包的大小:10
2023-03-28 20:54:41,910 - INFO - OSPF：每创建一次数据包后单纯发送的次数:50,丢包率:0.017017
数据包发送速率:500,数据包的大小:10
2023-03-28 21:04:53,741 - INFO - OSPF：每创建一次数据包后单纯发送的次数:50,丢包率:0.02092
数据包发送速率:500,数据包的大小:10
2023-03-28 21:15:21,823 - INFO - OSPF：每创建一次数据包后单纯发送的次数:70,丢包率:4e-05
数据包发送速率:500,数据包的大小:10
