2023-03-03 15:52:21,470:DEBUG:This is a debug message.
2023-03-03 15:52:21,471:INFO:This is an info message.
2023-03-03 15:52:21,471:WARNING:This is a warning message.
2023-03-03 15:52:21,471:ERROR:This is an error message.
2023-03-03 15:52:21,471:CRITICAL:This is a critical message.
2023-03-03 15:53:08,109:This is a debug message.
2023-03-03 15:53:08,109:This is an info message.
2023-03-03 15:53:08,109:This is a warning message.
2023-03-03 15:53:08,109:This is an error message.
2023-03-03 15:53:08,109:This is a critical message.
2023-03-03 15:53:58,675:This is a debug message.
2023-03-03 15:53:58,675:This is an info message.
2023-03-03 15:53:58,676:This is a warning message.
2023-03-03 15:53:58,676:This is an error message.
2023-03-03 15:53:58,676:This is a critical message.
2023-03-03 15:54:30,573:This is a debug message.
2023-03-03 15:54:30,573:This is an info message.
2023-03-03 15:54:30,573:This is a warning message.
2023-03-03 15:54:30,573:This is an error message.
2023-03-03 15:54:30,573:This is a critical message.
